  ServerProcesses.cpp
d:\учёба\3 курс\1 сем\сети\projects\doptask\concurrentserver\concurrentserver\serverprocesses.h(71): warning C4996: 'strcpy': This function or variable may be unsafe. Consider using strcpy_s instead. To disable deprecation, use _CRT_SECURE_NO_WARNINGS. See online help for details.
  c:\program files (x86)\windows kits\10\include\10.0.14393.0\ucrt\string.h(129): note:  см. объявление "strcpy"
d:\учёба\3 курс\1 сем\сети\projects\doptask\concurrentserver\concurrentserver\serverprocesses.h(78): warning C4996: 'strcpy': This function or variable may be unsafe. Consider using strcpy_s instead. To disable deprecation, use _CRT_SECURE_NO_WARNINGS. See online help for details.
  c:\program files (x86)\windows kits\10\include\10.0.14393.0\ucrt\string.h(129): note:  см. объявление "strcpy"
d:\учёба\3 курс\1 сем\сети\projects\doptask\concurrentserver\concurrentserver\serverprocesses.cpp(217): warning C4996: 'strcpy': This function or variable may be unsafe. Consider using strcpy_s instead. To disable deprecation, use _CRT_SECURE_NO_WARNINGS. See online help for details.
  c:\program files (x86)\windows kits\10\include\10.0.14393.0\ucrt\string.h(129): note:  см. объявление "strcpy"
d:\учёба\3 курс\1 сем\сети\projects\doptask\concurrentserver\concurrentserver\serverprocesses.cpp(218): warning C4996: 'strcpy': This function or variable may be unsafe. Consider using strcpy_s instead. To disable deprecation, use _CRT_SECURE_NO_WARNINGS. See online help for details.
  c:\program files (x86)\windows kits\10\include\10.0.14393.0\ucrt\string.h(129): note:  см. объявление "strcpy"
d:\учёба\3 курс\1 сем\сети\projects\doptask\concurrentserver\concurrentserver\serverprocesses.cpp(224): warning C4996: 'mbstowcs': This function or variable may be unsafe. Consider using mbstowcs_s instead. To disable deprecation, use _CRT_SECURE_NO_WARNINGS. See online help for details.
  c:\program files (x86)\windows kits\10\include\10.0.14393.0\ucrt\stdlib.h(924): note:  см. объявление "mbstowcs"
d:\учёба\3 курс\1 сем\сети\projects\doptask\concurrentserver\concurrentserver\serverprocesses.cpp(265): warning C4996: 'strcat': This function or variable may be unsafe. Consider using strcat_s instead. To disable deprecation, use _CRT_SECURE_NO_WARNINGS. See online help for details.
  c:\program files (x86)\windows kits\10\include\10.0.14393.0\ucrt\string.h(90): note:  см. объявление "strcat"
d:\учёба\3 курс\1 сем\сети\projects\doptask\concurrentserver\concurrentserver\serverprocesses.cpp(300): warning C4996: 'strcpy': This function or variable may be unsafe. Consider using strcpy_s instead. To disable deprecation, use _CRT_SECURE_NO_WARNINGS. See online help for details.
  c:\program files (x86)\windows kits\10\include\10.0.14393.0\ucrt\string.h(129): note:  см. объявление "strcpy"
d:\учёба\3 курс\1 сем\сети\projects\doptask\concurrentserver\concurrentserver\serverprocesses.cpp(302): warning C4996: 'itoa': The POSIX name for this item is deprecated. Instead, use the ISO C and C++ conformant name: _itoa. See online help for details.
  c:\program files (x86)\windows kits\10\include\10.0.14393.0\ucrt\stdlib.h(1323): note:  см. объявление "itoa"
d:\учёба\3 курс\1 сем\сети\projects\doptask\concurrentserver\concurrentserver\serverprocesses.cpp(303): warning C4996: 'strcat': This function or variable may be unsafe. Consider using strcat_s instead. To disable deprecation, use _CRT_SECURE_NO_WARNINGS. See online help for details.
  c:\program files (x86)\windows kits\10\include\10.0.14393.0\ucrt\string.h(90): note:  см. объявление "strcat"
d:\учёба\3 курс\1 сем\сети\projects\doptask\concurrentserver\concurrentserver\serverprocesses.cpp(305): warning C4996: 'strcat': This function or variable may be unsafe. Consider using strcat_s instead. To disable deprecation, use _CRT_SECURE_NO_WARNINGS. See online help for details.
  c:\program files (x86)\windows kits\10\include\10.0.14393.0\ucrt\string.h(90): note:  см. объявление "strcat"
d:\учёба\3 курс\1 сем\сети\projects\doptask\concurrentserver\concurrentserver\serverprocesses.cpp(307): warning C4996: 'itoa': The POSIX name for this item is deprecated. Instead, use the ISO C and C++ conformant name: _itoa. See online help for details.
  c:\program files (x86)\windows kits\10\include\10.0.14393.0\ucrt\stdlib.h(1323): note:  см. объявление "itoa"
d:\учёба\3 курс\1 сем\сети\projects\doptask\concurrentserver\concurrentserver\serverprocesses.cpp(308): warning C4996: 'strcat': This function or variable may be unsafe. Consider using strcat_s instead. To disable deprecation, use _CRT_SECURE_NO_WARNINGS. See online help for details.
  c:\program files (x86)\windows kits\10\include\10.0.14393.0\ucrt\string.h(90): note:  см. объявление "strcat"
d:\учёба\3 курс\1 сем\сети\projects\doptask\concurrentserver\concurrentserver\serverprocesses.cpp(310): warning C4996: 'strcat': This function or variable may be unsafe. Consider using strcat_s instead. To disable deprecation, use _CRT_SECURE_NO_WARNINGS. See online help for details.
  c:\program files (x86)\windows kits\10\include\10.0.14393.0\ucrt\string.h(90): note:  см. объявление "strcat"
d:\учёба\3 курс\1 сем\сети\projects\doptask\concurrentserver\concurrentserver\serverprocesses.cpp(312): warning C4996: 'itoa': The POSIX name for this item is deprecated. Instead, use the ISO C and C++ conformant name: _itoa. See online help for details.
  c:\program files (x86)\windows kits\10\include\10.0.14393.0\ucrt\stdlib.h(1323): note:  см. объявление "itoa"
d:\учёба\3 курс\1 сем\сети\projects\doptask\concurrentserver\concurrentserver\serverprocesses.cpp(313): warning C4996: 'strcat': This function or variable may be unsafe. Consider using strcat_s instead. To disable deprecation, use _CRT_SECURE_NO_WARNINGS. See online help for details.
  c:\program files (x86)\windows kits\10\include\10.0.14393.0\ucrt\string.h(90): note:  см. объявление "strcat"
d:\учёба\3 курс\1 сем\сети\projects\doptask\concurrentserver\concurrentserver\serverprocesses.cpp(315): warning C4996: 'strcat': This function or variable may be unsafe. Consider using strcat_s instead. To disable deprecation, use _CRT_SECURE_NO_WARNINGS. See online help for details.
  c:\program files (x86)\windows kits\10\include\10.0.14393.0\ucrt\string.h(90): note:  см. объявление "strcat"
d:\учёба\3 курс\1 сем\сети\projects\doptask\concurrentserver\concurrentserver\serverprocesses.cpp(317): warning C4996: 'itoa': The POSIX name for this item is deprecated. Instead, use the ISO C and C++ conformant name: _itoa. See online help for details.
  c:\program files (x86)\windows kits\10\include\10.0.14393.0\ucrt\stdlib.h(1323): note:  см. объявление "itoa"
d:\учёба\3 курс\1 сем\сети\projects\doptask\concurrentserver\concurrentserver\serverprocesses.cpp(318): warning C4996: 'strcat': This function or variable may be unsafe. Consider using strcat_s instead. To disable deprecation, use _CRT_SECURE_NO_WARNINGS. See online help for details.
  c:\program files (x86)\windows kits\10\include\10.0.14393.0\ucrt\string.h(90): note:  см. объявление "strcat"
d:\учёба\3 курс\1 сем\сети\projects\doptask\concurrentserver\concurrentserver\serverprocesses.cpp(319): warning C4996: 'strcat': This function or variable may be unsafe. Consider using strcat_s instead. To disable deprecation, use _CRT_SECURE_NO_WARNINGS. See online help for details.
  c:\program files (x86)\windows kits\10\include\10.0.14393.0\ucrt\string.h(90): note:  см. объявление "strcat"
d:\учёба\3 курс\1 сем\сети\projects\doptask\concurrentserver\concurrentserver\serverprocesses.cpp(332): warning C4996: 'strcpy': This function or variable may be unsafe. Consider using strcpy_s instead. To disable deprecation, use _CRT_SECURE_NO_WARNINGS. See online help for details.
  c:\program files (x86)\windows kits\10\include\10.0.14393.0\ucrt\string.h(129): note:  см. объявление "strcpy"
d:\учёба\3 курс\1 сем\сети\projects\doptask\concurrentserver\concurrentserver\serverprocesses.cpp(336): warning C4996: 'strcpy': This function or variable may be unsafe. Consider using strcpy_s instead. To disable deprecation, use _CRT_SECURE_NO_WARNINGS. See online help for details.
  c:\program files (x86)\windows kits\10\include\10.0.14393.0\ucrt\string.h(129): note:  см. объявление "strcpy"
d:\учёба\3 курс\1 сем\сети\projects\doptask\concurrentserver\concurrentserver\serverprocesses.cpp(416): warning C4297: `anonymous-namespace'::DispatchServer: ожидается, что функция не будет выдавать исключения, но она это делает
  d:\учёба\3 курс\1 сем\сети\projects\doptask\concurrentserver\concurrentserver\serverprocesses.cpp(416): note: Функция типа extern "C", указан параметр /EHc
d:\учёба\3 курс\1 сем\сети\projects\doptask\concurrentserver\concurrentserver\serverprocesses.cpp(421): warning C4996: 'strcpy': This function or variable may be unsafe. Consider using strcpy_s instead. To disable deprecation, use _CRT_SECURE_NO_WARNINGS. See online help for details.
  c:\program files (x86)\windows kits\10\include\10.0.14393.0\ucrt\string.h(129): note:  см. объявление "strcpy"
d:\учёба\3 курс\1 сем\сети\projects\doptask\concurrentserver\concurrentserver\serverprocesses.cpp(428): warning C4297: `anonymous-namespace'::DispatchServer: ожидается, что функция не будет выдавать исключения, но она это делает
  d:\учёба\3 курс\1 сем\сети\projects\doptask\concurrentserver\concurrentserver\serverprocesses.cpp(428): note: Функция типа extern "C", указан параметр /EHc
d:\учёба\3 курс\1 сем\сети\projects\doptask\concurrentserver\concurrentserver\serverprocesses.cpp(431): warning C4297: `anonymous-namespace'::DispatchServer: ожидается, что функция не будет выдавать исключения, но она это делает
  d:\учёба\3 курс\1 сем\сети\projects\doptask\concurrentserver\concurrentserver\serverprocesses.cpp(431): note: Функция типа extern "C", указан параметр /EHc
d:\учёба\3 курс\1 сем\сети\projects\doptask\concurrentserver\concurrentserver\serverprocesses.cpp(439): warning C4297: `anonymous-namespace'::DispatchServer: ожидается, что функция не будет выдавать исключения, но она это делает
  d:\учёба\3 курс\1 сем\сети\projects\doptask\concurrentserver\concurrentserver\serverprocesses.cpp(439): note: Функция типа extern "C", указан параметр /EHc
d:\учёба\3 курс\1 сем\сети\projects\doptask\concurrentserver\concurrentserver\serverprocesses.cpp(444): warning C4297: `anonymous-namespace'::DispatchServer: ожидается, что функция не будет выдавать исключения, но она это делает
  d:\учёба\3 курс\1 сем\сети\projects\doptask\concurrentserver\concurrentserver\serverprocesses.cpp(444): note: Функция типа extern "C", указан параметр /EHc
d:\учёба\3 курс\1 сем\сети\projects\doptask\concurrentserver\concurrentserver\serverprocesses.cpp(489): warning C4297: `anonymous-namespace'::ResponseServer: ожидается, что функция не будет выдавать исключения, но она это делает
  d:\учёба\3 курс\1 сем\сети\projects\doptask\concurrentserver\concurrentserver\serverprocesses.cpp(489): note: Функция типа extern "C", указан параметр /EHc
d:\учёба\3 курс\1 сем\сети\projects\doptask\concurrentserver\concurrentserver\serverprocesses.cpp(492): warning C4297: `anonymous-namespace'::ResponseServer: ожидается, что функция не будет выдавать исключения, но она это делает
  d:\учёба\3 курс\1 сем\сети\projects\doptask\concurrentserver\concurrentserver\serverprocesses.cpp(492): note: Функция типа extern "C", указан параметр /EHc
d:\учёба\3 курс\1 сем\сети\projects\doptask\concurrentserver\concurrentserver\serverprocesses.cpp(499): warning C4297: `anonymous-namespace'::ResponseServer: ожидается, что функция не будет выдавать исключения, но она это делает
  d:\учёба\3 курс\1 сем\сети\projects\doptask\concurrentserver\concurrentserver\serverprocesses.cpp(499): note: Функция типа extern "C", указан параметр /EHc
d:\учёба\3 курс\1 сем\сети\projects\doptask\concurrentserver\concurrentserver\serverprocesses.cpp(523): warning C4996: 'inet_ntoa': Use inet_ntop() or InetNtop() instead or define _WINSOCK_DEPRECATED_NO_WARNINGS to disable deprecated API warnings
  c:\program files (x86)\windows kits\10\include\10.0.14393.0\um\winsock2.h(1846): note:  см. объявление "inet_ntoa"
d:\учёба\3 курс\1 сем\сети\projects\doptask\concurrentserver\concurrentserver\serverprocesses.cpp(535): warning C4297: `anonymous-namespace'::ResponseServer: ожидается, что функция не будет выдавать исключения, но она это делает
  d:\учёба\3 курс\1 сем\сети\projects\doptask\concurrentserver\concurrentserver\serverprocesses.cpp(535): note: Функция типа extern "C", указан параметр /EHc
d:\учёба\3 курс\1 сем\сети\projects\doptask\concurrentserver\concurrentserver\serverprocesses.cpp(537): warning C4297: `anonymous-namespace'::ResponseServer: ожидается, что функция не будет выдавать исключения, но она это делает
  d:\учёба\3 курс\1 сем\сети\projects\doptask\concurrentserver\concurrentserver\serverprocesses.cpp(537): note: Функция типа extern "C", указан параметр /EHc
d:\учёба\3 курс\1 сем\сети\projects\doptask\concurrentserver\concurrentserver\serverprocesses.cpp(512): warning C4101: name: неиспользованная локальная переменная
d:\учёба\3 курс\1 сем\сети\projects\doptask\concurrentserver\concurrentserver\serverprocesses.cpp(483): warning C4101: message: неиспользованная локальная переменная
d:\учёба\3 курс\1 сем\сети\projects\doptask\concurrentserver\concurrentserver\serverprocesses.cpp(509): warning C4101: ibuf: неиспользованная локальная переменная
d:\учёба\3 курс\1 сем\сети\projects\doptask\concurrentserver\concurrentserver\serverprocesses.cpp(482): warning C4101: lclnt: неиспользованная локальная переменная
  ConcurrentServer.vcxproj -> D:\Учёба\3 курс\1 сем\Сети\Projects\doptask\ConcurrentServer\Debug\ConcurrentServer.exe
  ConcurrentServer.vcxproj -> D:\Учёба\3 курс\1 сем\Сети\Projects\doptask\ConcurrentServer\Debug\ConcurrentServer.pdb (Partial PDB)
