d:\учёба\3 курс\1 сем\сети\projects\doptask\servicelibrary\servicelibrary\debug\servicelibrary.pch
d:\учёба\3 курс\1 сем\сети\projects\doptask\servicelibrary\servicelibrary\debug\vc141.pdb
d:\учёба\3 курс\1 сем\сети\projects\doptask\servicelibrary\servicelibrary\debug\vc141.idb
d:\учёба\3 курс\1 сем\сети\projects\doptask\servicelibrary\servicelibrary\debug\stdafx.obj
d:\учёба\3 курс\1 сем\сети\projects\doptask\servicelibrary\servicelibrary\debug\dllmain.obj
d:\учёба\3 курс\1 сем\сети\projects\doptask\servicelibrary\servicelibrary\debug\errorfunctions.obj
d:\учёба\3 курс\1 сем\сети\projects\doptask\servicelibrary\servicelibrary\debug\service.obj
d:\учёба\3 курс\1 сем\сети\projects\doptask\servicelibrary\servicelibrary\debug\servicelibrary.obj
d:\учёба\3 курс\1 сем\сети\projects\doptask\concurrentserver\debug\servicelibrary.ilk
d:\учёба\3 курс\1 сем\сети\projects\doptask\concurrentserver\debug\servicelibrary.dll
d:\учёба\3 курс\1 сем\сети\projects\doptask\concurrentserver\debug\servicelibrary.pdb
d:\учёба\3 курс\1 сем\сети\projects\doptask\concurrentserver\debug\servicelibrary.lib
d:\учёба\3 курс\1 сем\сети\projects\doptask\concurrentserver\debug\servicelibrary.exp
d:\учёба\3 курс\1 сем\сети\projects\doptask\servicelibrary\servicelibrary\debug\servicelibrary.tlog\cl.command.1.tlog
d:\учёба\3 курс\1 сем\сети\projects\doptask\servicelibrary\servicelibrary\debug\servicelibrary.tlog\cl.read.1.tlog
d:\учёба\3 курс\1 сем\сети\projects\doptask\servicelibrary\servicelibrary\debug\servicelibrary.tlog\cl.write.1.tlog
d:\учёба\3 курс\1 сем\сети\projects\doptask\servicelibrary\servicelibrary\debug\servicelibrary.tlog\link.command.1.tlog
d:\учёба\3 курс\1 сем\сети\projects\doptask\servicelibrary\servicelibrary\debug\servicelibrary.tlog\link.read.1.tlog
d:\учёба\3 курс\1 сем\сети\projects\doptask\servicelibrary\servicelibrary\debug\servicelibrary.tlog\link.write.1.tlog
d:\учёба\3 курс\1 сем\сети\projects\doptask\servicelibrary\servicelibrary\debug\servicelibrary.tlog\servicelibrary.write.1u.tlog
